{"level":"info","message":"GET: /","timestamp":"2025-04-01T15:31:05.440Z"}
2025-04-01 16:49:02	GET >> /
2025-04-01 16:50:05	GET >> /
2025-04-01 16:50:39	POST >> /auth/user/me
2025-04-01 16:51:17	GET >> /api/transactions
2025-04-01 16:53:06	GET - /api/transactions
2025-04-24 10:10:28	POST - /api/auth/seeker/register
2025-04-24 10:14:54	POST - /api/auth/seeker/register
2025-04-24 15:04:42	POST - /api/auth/provider/register
2025-04-24 15:11:50	POST - /api/auth/provider/register
2025-04-24 15:12:30	POST - /api/auth/provider/register
2025-04-24 15:22:03	POST - /api/auth/provider/register
2025-04-24 15:25:13	POST - /api/auth/send-otp
2025-04-24 15:27:17	POST - /api/auth/send-otp
2025-04-24 15:28:51	POST - /api/auth/send-otp
2025-04-24 15:34:34	POST - /api/auth/verify-otp
2025-04-24 15:34:49	POST - /api/auth/verify-otp
2025-04-24 15:36:57	POST - /api/auth/verify-otp
2025-04-24 15:37:09	POST - /api/auth/send-otp
2025-04-24 15:38:14	POST - /api/auth/verify-otp
2025-04-24 15:41:26	POST - /api/auth/send-otp
2025-04-24 15:49:30	POST - /api/provider/create-profile
2025-04-24 15:51:31	POST - /api/api/auth/login
2025-04-24 15:51:48	POST - /api/auth/login
2025-04-24 15:54:21	POST - /api/provider/create-profile
2025-04-24 15:54:35	POST - /api/provider/create-profile
2025-04-24 15:56:23	POST - /api/provider/create-profile
2025-04-24 15:57:19	POST - /api/provider/create-profile
2025-04-24 16:00:07	POST - /api/provider/create-profile
2025-04-24 16:01:11	POST - /api/providers/create-profile
2025-04-24 16:02:21	POST - /api/providers/create-profile
2025-04-24 16:05:51	POST - /api/providers/create-profile
2025-04-24 16:18:24	POST - /api/providers/create-profile
2025-04-24 16:23:20	POST - /api/provider/update-profile2/2
2025-04-24 16:23:42	POST - /api/provider/update-profile2/2
2025-04-24 16:27:16	POST - /api/provider/update-profile
2025-04-24 16:27:28	POST - /api/providers/update-profile
2025-04-24 16:35:16	POST - /api/providers/update-profile
2025-04-24 16:37:55	POST - /api/providers/update-profile
2025-04-24 16:52:38	GET - /api/dashboard
2025-04-24 16:53:51	POST - /api/auth/login
2025-04-24 16:55:17	POST - /api/seekers/update-profile1
2025-04-24 16:55:38	POST - /api/seekers/update-profile1
2025-04-24 16:56:59	POST - /api/seekers/update-profile2
2025-04-24 16:58:29	GET - /api/providers
2025-04-24 16:59:07	GET - /api/providers
2025-04-24 16:59:39	GET - /api/providers/profile/2
2025-04-24 16:59:57	GET - /api/providers/profile/2
2025-04-24 17:03:10	GET - /api/providers/profile/2
2025-04-24 17:31:13	POST - /api/accounts
2025-04-24 17:33:35	POST - /api/payments/initiate-transfer
2025-04-24 17:43:23	POST - /api/payments/initiate-transfer
2025-04-24 18:07:23	POST - /api/payments/initiate-transfer
2025-04-24 18:07:58	POST - /api/payments/initiate-transfer
2025-04-24 18:10:40	POST - /api/payments/initiate-transfer
2025-04-24 18:16:31	POST - /api/payments/initiate-transfer
2025-04-24 18:18:12	POST - /api/payments/initiate-transfer
2025-04-24 18:20:12	POST - /api/payments/initiate-transfer
2025-04-24 18:21:57	POST - /api/payments/initiate-transfer
2025-06-24 11:27:54	POST - /api/auth/seeker/register
2025-06-24 11:32:18	POST - /api/auth/seeker/register
2025-06-24 11:36:53	POST - /api/auth/seeker/register
2025-06-24 12:17:38	POST - /api/auth/seeker/register
2025-06-30 20:14:55	POST - /api/auth/send-otp
2025-06-30 20:16:45	POST - /api/auth/send-otp
2025-06-30 20:17:50	POST - /api/auth/send-otp
2025-06-30 20:19:23	POST - /api/auth/reset-password
2025-06-30 20:19:49	POST - /api/auth/login
2025-07-09 15:15:00	GET - /api/dashboard
2025-07-09 15:18:25	POST - /seekers/update-profile1
2025-07-09 15:18:38	POST - /api/seekers/update-profile1
2025-07-09 16:21:13	GET - /api/dashboard
2025-07-09 16:21:34	GET - /api/dashboard
2025-07-09 16:22:12	POST - /api/auth/login
2025-07-09 16:22:37	GET - /api/dashboard
2025-07-09 16:35:53	GET - /api/dashboard
2025-07-11 16:50:11	GET - /api/dashboard
2025-07-11 16:50:21	POST - /api/auth/login
2025-07-11 16:52:02	GET - /api/dashboard
2025-07-11 16:52:10	GET - /api/dashboard
2025-07-11 16:55:59	GET - /api/dashboard
2025-07-11 16:58:04	GET - /api/dashboard
2025-07-11 17:02:25	GET - /api/dashboard
2025-07-11 17:07:00	GET - /api/dashboard
2025-07-11 17:18:14	GET - /api/dashboard
2025-07-11 17:19:00	GET - /api/dashboard
2025-07-11 17:22:01	GET - /api/dashboard
2025-07-11 17:22:46	GET - /api/dashboard
2025-07-11 17:23:09	GET - /api/dashboard
2025-07-11 17:24:30	GET - /api/dashboard
2025-07-11 17:26:19	GET - /api/dashboard
2025-07-15 08:23:19	GET - /
2025-07-15 08:23:55	GET - /
